<?xml version="1.0" encoding="UTF-8"?>
<testsuite xmlns:xsi="http://www.w3.org/2001/XMLSchema-instance" xsi:noNamespaceSchemaLocation="https://maven.apache.org/surefire/maven-surefire-plugin/xsd/surefire-test-report-3.0.xsd" version="3.0" name="com.novel.splitter.retrieval.RetrievalQualityTest" time="0.118" tests="1" errors="0" skipped="0" failures="0">
  <properties>
[...]
</properties>
  <testcase name="retrieval_quality_check" classname="com.novel.splitter.retrieval.RetrievalQualityTest" time="0.102">
    <system-out><![CDATA[=== 开始检索质量检查 (Mock Mode) ===

Query: 楚晨为什么无法修炼？
19:29:58.264 [main] INFO com.novel.splitter.retrieval.impl.VectorRetrievalService -- Processing retrieval query: '楚晨为什么无法修炼？' (topK=3)
19:29:58.266 [main] INFO com.novel.splitter.embedding.mock.MockVectorStore -- Mock search with topK=3
 - [Chunk] ID=066eca6c...
   Metadata: SceneMetadata(novel=九阳帝尊, chapterTitle=第一章, chapterIndex=1, startParagraph=null, endParagraph=null, chunkType=null, role=narration, characters=null, location=null, time=null, extra=null)
   Text Preview: 楚晨无法修炼
 - [Chunk] ID=6ffac18f...
   Metadata: SceneMetadata(novel=九阳帝尊, chapterTitle=第二章, chapterIndex=2, startParagraph=null, endParagraph=null, chunkType=null, role=narration, characters=null, location=null, time=null, extra=null)
   Text Preview: 楚晨遇到小师妹

Query: 小师妹是谁？
19:29:58.273 [main] INFO com.novel.splitter.retrieval.impl.VectorRetrievalService -- Processing retrieval query: '小师妹是谁？' (topK=3)
19:29:58.274 [main] INFO com.novel.splitter.embedding.mock.MockVectorStore -- Mock search with topK=3
 - [Chunk] ID=066eca6c...
   Metadata: SceneMetadata(novel=九阳帝尊, chapterTitle=第一章, chapterIndex=1, startParagraph=null, endParagraph=null, chunkType=null, role=narration, characters=null, location=null, time=null, extra=null)
   Text Preview: 楚晨无法修炼
 - [Chunk] ID=6ffac18f...
   Metadata: SceneMetadata(novel=九阳帝尊, chapterTitle=第二章, chapterIndex=2, startParagraph=null, endParagraph=null, chunkType=null, role=narration, characters=null, location=null, time=null, extra=null)
   Text Preview: 楚晨遇到小师妹

=== 检查完成 ===
]]></system-out>
  </testcase>
</testsuite>